<?xml version="1.0" encoding="UTF-8"?>
<!-- Generated by org.testng.reporters.JUnitReportReporter -->
<testsuite hostname="LAPTOP-G9HHL1F8" failures="0" tests="2" name="Execution.Paralleltest" time="0.056" errors="0" timestamp="2020-08-25T01:39:57 IST" skipped="0">
  <testcase classname="Execution.Paralleltest" name="g" time="0.028"/>
  <system-out/>
  <testcase classname="Execution.Paralleltest" name="h" time="0.028"/>
  <system-out/>
</testsuite> <!-- Execution.Paralleltest -->
