<?xml version="1.0" encoding="UTF-8"?>
<!-- Generated by org.testng.reporters.JUnitReportReporter -->
<testsuite hostname="LAPTOP-G9HHL1F8" failures="0" tests="2" name="Execution.Parallel" time="0.017" errors="0" timestamp="2020-08-25T01:39:57 IST" skipped="0">
  <testcase classname="Execution.Parallel" name="j" time="0.008"/>
  <system-out/>
  <testcase classname="Execution.Parallel" name="i" time="0.009"/>
  <system-out/>
</testsuite> <!-- Execution.Parallel -->
